{"uid":"29e5c2db27554283","name":"Check that user cannot log in with invalid data.","fullName":"tests.LoginTest.checkInvalidLogin","historyId":"1eb8c5a65f7e304bc6d328d6d1233c9f","time":{"start":1740059184009,"stop":1740059184009,"duration":0},"description":"Negative login check","descriptionHtml":"<p>Negative login check</p>\n","status":"skipped","statusMessage":"Could not start a new session. Response code 500. Message: session not created: probably user data directory is already in use, please specify a unique value for --user-data-dir argument, or don't use --user-data-dir \nHost info: host: 'fv-az1928-687', ip: '10.1.0.178'\nBuild info: version: '4.28.1', revision: '73f5ad48a2'\nSystem info: os.name: 'Linux', os.arch: 'amd64', os.version: '6.8.0-1021-azure', java.version: '17.0.14'\nDriver info: org.openqa.selenium.chrome.ChromeDriver\nCommand: [null, newSession {capabilities=[Capabilities {browserName: chrome, goog:chromeOptions: {args: [disable-dev-shm-usage, no-sandbox, window-size=1920,1080], binary: /usr/bin/google-chrome, extensions: []}}]}]","statusTrace":"org.openqa.selenium.SessionNotCreatedException: Could not start a new session. Response code 500. Message: session not created: probably user data directory is already in use, please specify a unique value for --user-data-dir argument, or don't use --user-data-dir \nHost info: host: 'fv-az1928-687', ip: '10.1.0.178'\nBuild info: version: '4.28.1', revision: '73f5ad48a2'\nSystem info: os.name: 'Linux', os.arch: 'amd64', os.version: '6.8.0-1021-azure', java.version: '17.0.14'\nDriver info: org.openqa.selenium.chrome.ChromeDriver\nCommand: [null, newSession {capabilities=[Capabilities {browserName: chrome, goog:chromeOptions: {args: [disable-dev-shm-usage, no-sandbox, window-size=1920,1080], binary: /usr/bin/google-chrome, extensions: []}}]}]\n\tat org.openqa.selenium.remote.ProtocolHandshake.createSession(ProtocolHandshake.java:114)\n\tat org.openqa.selenium.remote.ProtocolHandshake.createSession(ProtocolHandshake.java:75)\n\tat org.openqa.selenium.remote.ProtocolHandshake.createSession(ProtocolHandshake.java:61)\n\tat org.openqa.selenium.remote.HttpCommandExecutor.execute(HttpCommandExecutor.java:187)\n\tat org.openqa.selenium.remote.service.DriverCommandExecutor.invokeExecute(DriverCommandExecutor.java:216)\n\tat org.openqa.selenium.remote.service.DriverCommandExecutor.execute(DriverCommandExecutor.java:174)\n\tat org.openqa.selenium.remote.RemoteWebDriver.execute(RemoteWebDriver.java:545)\n\tat org.openqa.selenium.remote.RemoteWebDriver.startSession(RemoteWebDriver.java:245)\n\tat org.openqa.selenium.remote.RemoteWebDriver.<init>(RemoteWebDriver.java:174)\n\tat org.openqa.selenium.chromium.ChromiumDriver.<init>(ChromiumDriver.java:114)\n\tat org.openqa.selenium.chrome.ChromeDriver.<init>(ChromeDriver.java:88)\n\tat org.openqa.selenium.chrome.ChromeDriver.<init>(ChromeDriver.java:83)\n\tat org.openqa.selenium.chrome.ChromeDriver.<init>(ChromeDriver.java:72)\n\tat driver.DriverCreation.startWebDriver(DriverCreation.java:28)\n\tat tests.base.BaseTest.setUp(BaseTest.java:48)\n\tat java.base/jdk.internal.reflect.NativeMethodAccessorImpl.invoke0(Native Method)\n\tat java.base/jdk.internal.reflect.NativeMethodAccessorImpl.invoke(NativeMethodAccessorImpl.java:77)\n\tat java.base/jdk.internal.reflect.DelegatingMethodAccessorImpl.invoke(DelegatingMethodAccessorImpl.java:43)\n\tat java.base/java.lang.reflect.Method.invoke(Method.java:569)\n\tat org.testng.internal.invokers.MethodInvocationHelper.invokeMethod(MethodInvocationHelper.java:141)\n\tat org.testng.internal.invokers.MethodInvocationHelper.invokeMethodConsideringTimeout(MethodInvocationHelper.java:71)\n\tat org.testng.internal.invokers.ConfigInvoker.invokeConfigurationMethod(ConfigInvoker.java:400)\n\tat org.testng.internal.invokers.ConfigInvoker.invokeConfigurations(ConfigInvoker.java:333)\n\tat org.testng.internal.invokers.TestInvoker.runConfigMethods(TestInvoker.java:833)\n\tat org.testng.internal.invokers.TestInvoker.invokeMethod(TestInvoker.java:600)\n\tat org.testng.internal.invokers.TestInvoker.invokeTestMethod(TestInvoker.java:230)\n\tat org.testng.internal.invokers.MethodRunner.runInSequence(MethodRunner.java:63)\n\tat org.testng.internal.invokers.TestInvoker$MethodInvocationAgent.invoke(TestInvoker.java:992)\n\tat org.testng.internal.invokers.TestInvoker.invokeTestMethods(TestInvoker.java:203)\n\tat org.testng.internal.invokers.TestMethodWorker.invokeTestMethods(TestMethodWorker.java:154)\n\tat org.testng.internal.invokers.TestMethodWorker.run(TestMethodWorker.java:134)\n\tat java.base/java.util.ArrayList.forEach(ArrayList.java:1511)\n\tat org.testng.TestRunner.privateRun(TestRunner.java:739)\n\tat org.testng.TestRunner.run(TestRunner.java:614)\n\tat org.testng.SuiteRunner.runTest(SuiteRunner.java:421)\n\tat org.testng.SuiteRunner$SuiteWorker.run(SuiteRunner.java:463)\n\tat org.testng.internal.thread.ThreadUtil.lambda$execute$0(ThreadUtil.java:64)\n\tat java.base/java.util.concurrent.FutureTask.run(FutureTask.java:264)\n\tat java.base/java.util.concurrent.ThreadPoolExecutor.runWorker(ThreadPoolExecutor.java:1136)\n\tat java.base/java.util.concurrent.ThreadPoolExecutor$Worker.run(ThreadPoolExecutor.java:635)\n\tat java.base/java.lang.Thread.run(Thread.java:840)\n","flaky":false,"newFailed":false,"newBroken":false,"newPassed":false,"retriesCount":0,"retriesStatusChange":false,"beforeStages":[{"name":"setUp","time":{"start":1740059183722,"stop":1740059184002,"duration":280},"description":"Opening browser","status":"broken","statusMessage":"Could not start a new session. Response code 500. Message: session not created: probably user data directory is already in use, please specify a unique value for --user-data-dir argument, or don't use --user-data-dir \nHost info: host: 'fv-az1928-687', ip: '10.1.0.178'\nBuild info: version: '4.28.1', revision: '73f5ad48a2'\nSystem info: os.name: 'Linux', os.arch: 'amd64', os.version: '6.8.0-1021-azure', java.version: '17.0.14'\nDriver info: org.openqa.selenium.chrome.ChromeDriver\nCommand: [null, newSession {capabilities=[Capabilities {browserName: chrome, goog:chromeOptions: {args: [disable-dev-shm-usage, no-sandbox, window-size=1920,1080], binary: /usr/bin/google-chrome, extensions: []}}]}]","statusTrace":"org.openqa.selenium.SessionNotCreatedException: Could not start a new session. Response code 500. Message: session not created: probably user data directory is already in use, please specify a unique value for --user-data-dir argument, or don't use --user-data-dir \nHost info: host: 'fv-az1928-687', ip: '10.1.0.178'\nBuild info: version: '4.28.1', revision: '73f5ad48a2'\nSystem info: os.name: 'Linux', os.arch: 'amd64', os.version: '6.8.0-1021-azure', java.version: '17.0.14'\nDriver info: org.openqa.selenium.chrome.ChromeDriver\nCommand: [null, newSession {capabilities=[Capabilities {browserName: chrome, goog:chromeOptions: {args: [disable-dev-shm-usage, no-sandbox, window-size=1920,1080], binary: /usr/bin/google-chrome, extensions: []}}]}]\n\tat org.openqa.selenium.remote.ProtocolHandshake.createSession(ProtocolHandshake.java:114)\n\tat org.openqa.selenium.remote.ProtocolHandshake.createSession(ProtocolHandshake.java:75)\n\tat org.openqa.selenium.remote.ProtocolHandshake.createSession(ProtocolHandshake.java:61)\n\tat org.openqa.selenium.remote.HttpCommandExecutor.execute(HttpCommandExecutor.java:187)\n\tat org.openqa.selenium.remote.service.DriverCommandExecutor.invokeExecute(DriverCommandExecutor.java:216)\n\tat org.openqa.selenium.remote.service.DriverCommandExecutor.execute(DriverCommandExecutor.java:174)\n\tat org.openqa.selenium.remote.RemoteWebDriver.execute(RemoteWebDriver.java:545)\n\tat org.openqa.selenium.remote.RemoteWebDriver.startSession(RemoteWebDriver.java:245)\n\tat org.openqa.selenium.remote.RemoteWebDriver.<init>(RemoteWebDriver.java:174)\n\tat org.openqa.selenium.chromium.ChromiumDriver.<init>(ChromiumDriver.java:114)\n\tat org.openqa.selenium.chrome.ChromeDriver.<init>(ChromeDriver.java:88)\n\tat org.openqa.selenium.chrome.ChromeDriver.<init>(ChromeDriver.java:83)\n\tat org.openqa.selenium.chrome.ChromeDriver.<init>(ChromeDriver.java:72)\n\tat driver.DriverCreation.startWebDriver(DriverCreation.java:28)\n\tat tests.base.BaseTest.setUp(BaseTest.java:48)\n\tat java.base/jdk.internal.reflect.NativeMethodAccessorImpl.invoke0(Native Method)\n\tat java.base/jdk.internal.reflect.NativeMethodAccessorImpl.invoke(NativeMethodAccessorImpl.java:77)\n\tat java.base/jdk.internal.reflect.DelegatingMethodAccessorImpl.invoke(DelegatingMethodAccessorImpl.java:43)\n\tat java.base/java.lang.reflect.Method.invoke(Method.java:569)\n\tat org.testng.internal.invokers.MethodInvocationHelper.invokeMethod(MethodInvocationHelper.java:141)\n\tat org.testng.internal.invokers.MethodInvocationHelper.invokeMethodConsideringTimeout(MethodInvocationHelper.java:71)\n\tat org.testng.internal.invokers.ConfigInvoker.invokeConfigurationMethod(ConfigInvoker.java:400)\n\tat org.testng.internal.invokers.ConfigInvoker.invokeConfigurations(ConfigInvoker.java:333)\n\tat org.testng.internal.invokers.TestInvoker.runConfigMethods(TestInvoker.java:833)\n\tat org.testng.internal.invokers.TestInvoker.invokeMethod(TestInvoker.java:600)\n\tat org.testng.internal.invokers.TestInvoker.invokeTestMethod(TestInvoker.java:230)\n\tat org.testng.internal.invokers.MethodRunner.runInSequence(MethodRunner.java:63)\n\tat org.testng.internal.invokers.TestInvoker$MethodInvocationAgent.invoke(TestInvoker.java:992)\n\tat org.testng.internal.invokers.TestInvoker.invokeTestMethods(TestInvoker.java:203)\n\tat org.testng.internal.invokers.TestMethodWorker.invokeTestMethods(TestMethodWorker.java:154)\n\tat org.testng.internal.invokers.TestMethodWorker.run(TestMethodWorker.java:134)\n\tat java.base/java.util.ArrayList.forEach(ArrayList.java:1511)\n\tat org.testng.TestRunner.privateRun(TestRunner.java:739)\n\tat org.testng.TestRunner.run(TestRunner.java:614)\n\tat org.testng.SuiteRunner.runTest(SuiteRunner.java:421)\n\tat org.testng.SuiteRunner$SuiteWorker.run(SuiteRunner.java:463)\n\tat org.testng.internal.thread.ThreadUtil.lambda$execute$0(ThreadUtil.java:64)\n\tat java.base/java.util.concurrent.FutureTask.run(FutureTask.java:264)\n\tat java.base/java.util.concurrent.ThreadPoolExecutor.runWorker(ThreadPoolExecutor.java:1136)\n\tat java.base/java.util.concurrent.ThreadPoolExecutor$Worker.run(ThreadPoolExecutor.java:635)\n\tat java.base/java.lang.Thread.run(Thread.java:840)\n","steps":[],"attachments":[],"parameters":[],"shouldDisplayMessage":true,"stepsCount":0,"attachmentsCount":0,"hasContent":true,"attachmentStep":false}],"afterStages":[{"name":"tearDown","time":{"start":1740059184011,"stop":1740059184011,"duration":0},"description":"Close browser after each test and take screenshot if failed","status":"passed","steps":[],"attachments":[],"parameters":[],"shouldDisplayMessage":false,"stepsCount":0,"attachmentsCount":0,"hasContent":false,"attachmentStep":false}],"labels":[{"name":"package","value":"tests.LoginTest"},{"name":"testClass","value":"tests.LoginTest"},{"name":"testMethod","value":"checkInvalidLogin"},{"name":"parentSuite","value":"Tires CrossBrowserTest"},{"name":"suite","value":"Chrome"},{"name":"subSuite","value":"tests.LoginTest"},{"name":"host","value":"fv-az1928-687"},{"name":"thread","value":"2437@fv-az1928-687.TestNG-tests-1(21)"},{"name":"framework","value":"testng"},{"name":"language","value":"java"},{"name":"owner","value":"Elizaveta Nikolaenya"},{"name":"epic","value":"Tests on Login"},{"name":"feature","value":"User Authentication"},{"name":"severity","value":"normal"},{"name":"resultFormat","value":"allure2"}],"parameters":[{"name":"arg0","value":"testaqa26@gmail.com"},{"name":"arg1","value":"wrongPassword"},{"name":"arg2","value":"Firebase: Error (auth/invalid-credential)."},{"name":"browser","value":"chrome"}],"links":[],"hidden":false,"retry":false,"extra":{"severity":"normal","owner":"Elizaveta Nikolaenya","retries":[],"categories":[],"history":{"statistic":{"failed":0,"broken":0,"skipped":1,"passed":7,"unknown":0,"total":8},"items":[{"uid":"ee36eaa5f1d2ac8d","reportUrl":"https://vmccnc.github.io/tires-aqa-java-for_web/6//#testresult/ee36eaa5f1d2ac8d","status":"passed","time":{"start":1739809587219,"stop":1739809599209,"duration":11990}},{"uid":"1314840a9aa8adc8","reportUrl":"https://vmccnc.github.io/tires-aqa-java-for_web/5//#testresult/1314840a9aa8adc8","status":"passed","time":{"start":1739805247354,"stop":1739805259514,"duration":12160}},{"uid":"78f0d364e1399e74","reportUrl":"https://vmccnc.github.io/tires-aqa-java-for_web/4//#testresult/78f0d364e1399e74","status":"passed","time":{"start":1739207453344,"stop":1739207465835,"duration":12491}},{"uid":"c9318b034af0bb5c","reportUrl":"https://vmccnc.github.io/tires-aqa-java-for_web/3//#testresult/c9318b034af0bb5c","status":"passed","time":{"start":1739204679030,"stop":1739204691463,"duration":12433}},{"uid":"63cf4e0c4b528d4b","reportUrl":"https://vmccnc.github.io/tires-aqa-java-for_web/2//#testresult/63cf4e0c4b528d4b","status":"passed","time":{"start":1738940741941,"stop":1738940753935,"duration":11994}},{"uid":"140fa6f75796bbcd","reportUrl":"https://vmccnc.github.io/tires-aqa-java-for_web/2//#testresult/140fa6f75796bbcd","status":"passed","time":{"start":1738928466700,"stop":1738928479201,"duration":12501}},{"uid":"d4a4593b712bd27f","reportUrl":"https://vmccnc.github.io/tires-aqa-java-for_web/2//#testresult/d4a4593b712bd27f","status":"passed","time":{"start":1738924993145,"stop":1738925005398,"duration":12253}}]},"tags":[]},"source":"29e5c2db27554283.json","parameterValues":["testaqa26@gmail.com","wrongPassword","Firebase: Error (auth/invalid-credential).","chrome"]}