{"uid":"7323e7f0c21168da","name":"Verify that an order can be created with valid data.","fullName":"tests.OrderTest.checkCreateOrder","historyId":"4688ae828068e92b3ad3413d2f1f5aba","time":{"start":1740059184941,"stop":1740059184941,"duration":0},"description":"Creating a new order with valid data and verifying the order is successful.","descriptionHtml":"<p>Creating a new order with valid data and verifying the order is successful.</p>\n","status":"skipped","statusMessage":"Could not start a new session. Response code 500. Message: session not created: probably user data directory is already in use, please specify a unique value for --user-data-dir argument, or don't use --user-data-dir \nHost info: host: 'fv-az1928-687', ip: '10.1.0.178'\nBuild info: version: '4.28.1', revision: '73f5ad48a2'\nSystem info: os.name: 'Linux', os.arch: 'amd64', os.version: '6.8.0-1021-azure', java.version: '17.0.14'\nDriver info: org.openqa.selenium.chrome.ChromeDriver\nCommand: [null, newSession {capabilities=[Capabilities {browserName: chrome, goog:chromeOptions: {args: [disable-dev-shm-usage, no-sandbox, window-size=1920,1080], binary: /usr/bin/google-chrome, extensions: []}}]}]","statusTrace":"org.openqa.selenium.SessionNotCreatedException: Could not start a new session. Response code 500. Message: session not created: probably user data directory is already in use, please specify a unique value for --user-data-dir argument, or don't use --user-data-dir \nHost info: host: 'fv-az1928-687', ip: '10.1.0.178'\nBuild info: version: '4.28.1', revision: '73f5ad48a2'\nSystem info: os.name: 'Linux', os.arch: 'amd64', os.version: '6.8.0-1021-azure', java.version: '17.0.14'\nDriver info: org.openqa.selenium.chrome.ChromeDriver\nCommand: [null, newSession {capabilities=[Capabilities {browserName: chrome, goog:chromeOptions: {args: [disable-dev-shm-usage, no-sandbox, window-size=1920,1080], binary: /usr/bin/google-chrome, extensions: []}}]}]\n\tat org.openqa.selenium.remote.ProtocolHandshake.createSession(ProtocolHandshake.java:114)\n\tat org.openqa.selenium.remote.ProtocolHandshake.createSession(ProtocolHandshake.java:75)\n\tat org.openqa.selenium.remote.ProtocolHandshake.createSession(ProtocolHandshake.java:61)\n\tat org.openqa.selenium.remote.HttpCommandExecutor.execute(HttpCommandExecutor.java:187)\n\tat org.openqa.selenium.remote.service.DriverCommandExecutor.invokeExecute(DriverCommandExecutor.java:216)\n\tat org.openqa.selenium.remote.service.DriverCommandExecutor.execute(DriverCommandExecutor.java:174)\n\tat org.openqa.selenium.remote.RemoteWebDriver.execute(RemoteWebDriver.java:545)\n\tat org.openqa.selenium.remote.RemoteWebDriver.startSession(RemoteWebDriver.java:245)\n\tat org.openqa.selenium.remote.RemoteWebDriver.<init>(RemoteWebDriver.java:174)\n\tat org.openqa.selenium.chromium.ChromiumDriver.<init>(ChromiumDriver.java:114)\n\tat org.openqa.selenium.chrome.ChromeDriver.<init>(ChromeDriver.java:88)\n\tat org.openqa.selenium.chrome.ChromeDriver.<init>(ChromeDriver.java:83)\n\tat org.openqa.selenium.chrome.ChromeDriver.<init>(ChromeDriver.java:72)\n\tat driver.DriverCreation.startWebDriver(DriverCreation.java:28)\n\tat tests.base.BaseTest.setUp(BaseTest.java:48)\n\tat java.base/jdk.internal.reflect.NativeMethodAccessorImpl.invoke0(Native Method)\n\tat java.base/jdk.internal.reflect.NativeMethodAccessorImpl.invoke(NativeMethodAccessorImpl.java:77)\n\tat java.base/jdk.internal.reflect.DelegatingMethodAccessorImpl.invoke(DelegatingMethodAccessorImpl.java:43)\n\tat java.base/java.lang.reflect.Method.invoke(Method.java:569)\n\tat org.testng.internal.invokers.MethodInvocationHelper.invokeMethod(MethodInvocationHelper.java:141)\n\tat org.testng.internal.invokers.MethodInvocationHelper.invokeMethodConsideringTimeout(MethodInvocationHelper.java:71)\n\tat org.testng.internal.invokers.ConfigInvoker.invokeConfigurationMethod(ConfigInvoker.java:400)\n\tat org.testng.internal.invokers.ConfigInvoker.invokeConfigurations(ConfigInvoker.java:333)\n\tat org.testng.internal.invokers.TestInvoker.runConfigMethods(TestInvoker.java:833)\n\tat org.testng.internal.invokers.TestInvoker.invokeMethod(TestInvoker.java:600)\n\tat org.testng.internal.invokers.TestInvoker.invokeTestMethod(TestInvoker.java:230)\n\tat org.testng.internal.invokers.MethodRunner.runInSequence(MethodRunner.java:63)\n\tat org.testng.internal.invokers.TestInvoker$MethodInvocationAgent.invoke(TestInvoker.java:992)\n\tat org.testng.internal.invokers.TestInvoker.invokeTestMethods(TestInvoker.java:203)\n\tat org.testng.internal.invokers.TestMethodWorker.invokeTestMethods(TestMethodWorker.java:154)\n\tat org.testng.internal.invokers.TestMethodWorker.run(TestMethodWorker.java:134)\n\tat java.base/java.util.ArrayList.forEach(ArrayList.java:1511)\n\tat org.testng.TestRunner.privateRun(TestRunner.java:739)\n\tat org.testng.TestRunner.run(TestRunner.java:614)\n\tat org.testng.SuiteRunner.runTest(SuiteRunner.java:421)\n\tat org.testng.SuiteRunner$SuiteWorker.run(SuiteRunner.java:463)\n\tat org.testng.internal.thread.ThreadUtil.lambda$execute$0(ThreadUtil.java:64)\n\tat java.base/java.util.concurrent.FutureTask.run(FutureTask.java:264)\n\tat java.base/java.util.concurrent.ThreadPoolExecutor.runWorker(ThreadPoolExecutor.java:1136)\n\tat java.base/java.util.concurrent.ThreadPoolExecutor$Worker.run(ThreadPoolExecutor.java:635)\n\tat java.base/java.lang.Thread.run(Thread.java:840)\n","flaky":false,"newFailed":false,"newBroken":false,"newPassed":false,"retriesCount":0,"retriesStatusChange":false,"beforeStages":[{"name":"setUp","time":{"start":1740059184715,"stop":1740059184935,"duration":220},"description":"Opening browser","status":"broken","statusMessage":"Could not start a new session. Response code 500. Message: session not created: probably user data directory is already in use, please specify a unique value for --user-data-dir argument, or don't use --user-data-dir \nHost info: host: 'fv-az1928-687', ip: '10.1.0.178'\nBuild info: version: '4.28.1', revision: '73f5ad48a2'\nSystem info: os.name: 'Linux', os.arch: 'amd64', os.version: '6.8.0-1021-azure', java.version: '17.0.14'\nDriver info: org.openqa.selenium.chrome.ChromeDriver\nCommand: [null, newSession {capabilities=[Capabilities {browserName: chrome, goog:chromeOptions: {args: [disable-dev-shm-usage, no-sandbox, window-size=1920,1080], binary: /usr/bin/google-chrome, extensions: []}}]}]","statusTrace":"org.openqa.selenium.SessionNotCreatedException: Could not start a new session. Response code 500. Message: session not created: probably user data directory is already in use, please specify a unique value for --user-data-dir argument, or don't use --user-data-dir \nHost info: host: 'fv-az1928-687', ip: '10.1.0.178'\nBuild info: version: '4.28.1', revision: '73f5ad48a2'\nSystem info: os.name: 'Linux', os.arch: 'amd64', os.version: '6.8.0-1021-azure', java.version: '17.0.14'\nDriver info: org.openqa.selenium.chrome.ChromeDriver\nCommand: [null, newSession {capabilities=[Capabilities {browserName: chrome, goog:chromeOptions: {args: [disable-dev-shm-usage, no-sandbox, window-size=1920,1080], binary: /usr/bin/google-chrome, extensions: []}}]}]\n\tat org.openqa.selenium.remote.ProtocolHandshake.createSession(ProtocolHandshake.java:114)\n\tat org.openqa.selenium.remote.ProtocolHandshake.createSession(ProtocolHandshake.java:75)\n\tat org.openqa.selenium.remote.ProtocolHandshake.createSession(ProtocolHandshake.java:61)\n\tat org.openqa.selenium.remote.HttpCommandExecutor.execute(HttpCommandExecutor.java:187)\n\tat org.openqa.selenium.remote.service.DriverCommandExecutor.invokeExecute(DriverCommandExecutor.java:216)\n\tat org.openqa.selenium.remote.service.DriverCommandExecutor.execute(DriverCommandExecutor.java:174)\n\tat org.openqa.selenium.remote.RemoteWebDriver.execute(RemoteWebDriver.java:545)\n\tat org.openqa.selenium.remote.RemoteWebDriver.startSession(RemoteWebDriver.java:245)\n\tat org.openqa.selenium.remote.RemoteWebDriver.<init>(RemoteWebDriver.java:174)\n\tat org.openqa.selenium.chromium.ChromiumDriver.<init>(ChromiumDriver.java:114)\n\tat org.openqa.selenium.chrome.ChromeDriver.<init>(ChromeDriver.java:88)\n\tat org.openqa.selenium.chrome.ChromeDriver.<init>(ChromeDriver.java:83)\n\tat org.openqa.selenium.chrome.ChromeDriver.<init>(ChromeDriver.java:72)\n\tat driver.DriverCreation.startWebDriver(DriverCreation.java:28)\n\tat tests.base.BaseTest.setUp(BaseTest.java:48)\n\tat java.base/jdk.internal.reflect.NativeMethodAccessorImpl.invoke0(Native Method)\n\tat java.base/jdk.internal.reflect.NativeMethodAccessorImpl.invoke(NativeMethodAccessorImpl.java:77)\n\tat java.base/jdk.internal.reflect.DelegatingMethodAccessorImpl.invoke(DelegatingMethodAccessorImpl.java:43)\n\tat java.base/java.lang.reflect.Method.invoke(Method.java:569)\n\tat org.testng.internal.invokers.MethodInvocationHelper.invokeMethod(MethodInvocationHelper.java:141)\n\tat org.testng.internal.invokers.MethodInvocationHelper.invokeMethodConsideringTimeout(MethodInvocationHelper.java:71)\n\tat org.testng.internal.invokers.ConfigInvoker.invokeConfigurationMethod(ConfigInvoker.java:400)\n\tat org.testng.internal.invokers.ConfigInvoker.invokeConfigurations(ConfigInvoker.java:333)\n\tat org.testng.internal.invokers.TestInvoker.runConfigMethods(TestInvoker.java:833)\n\tat org.testng.internal.invokers.TestInvoker.invokeMethod(TestInvoker.java:600)\n\tat org.testng.internal.invokers.TestInvoker.invokeTestMethod(TestInvoker.java:230)\n\tat org.testng.internal.invokers.MethodRunner.runInSequence(MethodRunner.java:63)\n\tat org.testng.internal.invokers.TestInvoker$MethodInvocationAgent.invoke(TestInvoker.java:992)\n\tat org.testng.internal.invokers.TestInvoker.invokeTestMethods(TestInvoker.java:203)\n\tat org.testng.internal.invokers.TestMethodWorker.invokeTestMethods(TestMethodWorker.java:154)\n\tat org.testng.internal.invokers.TestMethodWorker.run(TestMethodWorker.java:134)\n\tat java.base/java.util.ArrayList.forEach(ArrayList.java:1511)\n\tat org.testng.TestRunner.privateRun(TestRunner.java:739)\n\tat org.testng.TestRunner.run(TestRunner.java:614)\n\tat org.testng.SuiteRunner.runTest(SuiteRunner.java:421)\n\tat org.testng.SuiteRunner$SuiteWorker.run(SuiteRunner.java:463)\n\tat org.testng.internal.thread.ThreadUtil.lambda$execute$0(ThreadUtil.java:64)\n\tat java.base/java.util.concurrent.FutureTask.run(FutureTask.java:264)\n\tat java.base/java.util.concurrent.ThreadPoolExecutor.runWorker(ThreadPoolExecutor.java:1136)\n\tat java.base/java.util.concurrent.ThreadPoolExecutor$Worker.run(ThreadPoolExecutor.java:635)\n\tat java.base/java.lang.Thread.run(Thread.java:840)\n","steps":[],"attachments":[],"parameters":[],"shouldDisplayMessage":true,"stepsCount":0,"attachmentsCount":0,"hasContent":true,"attachmentStep":false}],"afterStages":[{"name":"tearDown","time":{"start":1740059184945,"stop":1740059184946,"duration":1},"description":"Close browser after each test and take screenshot if failed","status":"passed","steps":[],"attachments":[],"parameters":[],"shouldDisplayMessage":false,"stepsCount":0,"attachmentsCount":0,"hasContent":false,"attachmentStep":false}],"labels":[{"name":"package","value":"tests.OrderTest"},{"name":"testClass","value":"tests.OrderTest"},{"name":"testMethod","value":"checkCreateOrder"},{"name":"parentSuite","value":"Tires CrossBrowserTest"},{"name":"suite","value":"Chrome"},{"name":"subSuite","value":"tests.OrderTest"},{"name":"host","value":"fv-az1928-687"},{"name":"thread","value":"2437@fv-az1928-687.TestNG-tests-1(21)"},{"name":"framework","value":"testng"},{"name":"language","value":"java"},{"name":"owner","value":"Elizaveta Nikolaenya"},{"name":"feature","value":"Order Creation"},{"name":"epic","value":"Order Management"},{"name":"severity","value":"normal"},{"name":"resultFormat","value":"allure2"}],"parameters":[{"name":"browser","value":"chrome"}],"links":[],"hidden":false,"retry":false,"extra":{"severity":"normal","owner":"Elizaveta Nikolaenya","retries":[],"categories":[],"history":{"statistic":{"failed":0,"broken":1,"skipped":1,"passed":0,"unknown":0,"total":2},"items":[{"uid":"44b1f173d008e3d8","reportUrl":"https://vmccnc.github.io/tires-aqa-java-for_web/6//#testresult/44b1f173d008e3d8","status":"broken","statusDetails":"Expected condition failed: waiting for element to be clickable: By.xpath: //button[contains(@class,'card__button')] (tried for 10 second(s) with 500 milliseconds interval)\nBuild info: version: '4.27.0', revision: 'd6e718d134'\nSystem info: os.name: 'Linux', os.arch: 'amd64', os.version: '6.8.0-1021-azure', java.version: '17.0.14'\nDriver info: org.openqa.selenium.chrome.ChromeDriver\nCapabilities {acceptInsecureCerts: false, browserName: chrome, browserVersion: 133.0.6943.53, chrome: {chromedriverVersion: 133.0.6943.53 (9a80935019b0..., userDataDir: /tmp/.org.chromium.Chromium...}, fedcm:accounts: true, goog:chromeOptions: {debuggerAddress: localhost:40047}, networkConnectionEnabled: false, pageLoadStrategy: normal, platformName: linux, proxy: Proxy(), se:cdp: ws://localhost:40047/devtoo..., se:cdpVersion: 133.0.6943.53, setWindowRect: true, strictFileInteractability: false, timeouts: {implicit: 0, pageLoad: 300000, script: 30000}, unhandledPromptBehavior: dismiss and notify, webauthn:extension:credBlob: true, webauthn:extension:largeBlob: true, webauthn:extension:minPinLength: true, webauthn:extension:prf: true, webauthn:virtualAuthenticators: true}\nSession ID: 9c3ddfbc911f9b8e89a3043e5d4614b8","time":{"start":1739809673327,"stop":1739809698272,"duration":24945}}]},"tags":[]},"source":"7323e7f0c21168da.json","parameterValues":["chrome"]}