{"uid":"9dca904fb5521ccd","name":"Verify that an order can be created with valid data.","fullName":"tests.OrderTest.checkCreateOrder","historyId":"a03bb511dc2a377caf13a5cfbe3d645b","time":{"start":1739809702015,"stop":1739809726480,"duration":24465},"description":"Creating a new order with valid data and verifying the order is successful.","descriptionHtml":"<p>Creating a new order with valid data and verifying the order is successful.</p>\n","status":"broken","statusMessage":"Expected condition failed: waiting for element to be clickable: By.xpath: //button[contains(@class,'card__button')] (tried for 10 second(s) with 500 milliseconds interval)\nBuild info: version: '4.27.0', revision: 'd6e718d134'\nSystem info: os.name: 'Linux', os.arch: 'amd64', os.version: '6.8.0-1021-azure', java.version: '17.0.14'\nDriver info: org.openqa.selenium.firefox.FirefoxDriver\nCapabilities {acceptInsecureCerts: true, browserName: firefox, browserVersion: 135.0, moz:accessibilityChecks: false, moz:buildID: 20250130195129, moz:debuggerAddress: 127.0.0.1:3344, moz:geckodriverVersion: 0.35.0, moz:headless: true, moz:platformVersion: 6.8.0-1021-azure, moz:processID: 10815, moz:profile: /tmp/rust_mozprofileS3ZHX6, moz:shutdownTimeout: 60000, moz:webdriverClick: true, moz:windowless: false, pageLoadStrategy: normal, platformName: linux, proxy: Proxy(), se:cdp: ws://127.0.0.1:3344/devtool..., se:cdpVersion: 85.0, setWindowRect: true, strictFileInteractability: false, timeouts: {implicit: 0, pageLoad: 300000, script: 30000}, unhandledPromptBehavior: dismiss and notify, userAgent: Mozilla/5.0 (X11; Ubuntu; L...}\nSession ID: 9717ac44-b0ab-4c10-b992-59beef081426","statusTrace":"org.openqa.selenium.TimeoutException: Expected condition failed: waiting for element to be clickable: By.xpath: //button[contains(@class,'card__button')] (tried for 10 second(s) with 500 milliseconds interval)\nBuild info: version: '4.27.0', revision: 'd6e718d134'\nSystem info: os.name: 'Linux', os.arch: 'amd64', os.version: '6.8.0-1021-azure', java.version: '17.0.14'\nDriver info: org.openqa.selenium.firefox.FirefoxDriver\nCapabilities {acceptInsecureCerts: true, browserName: firefox, browserVersion: 135.0, moz:accessibilityChecks: false, moz:buildID: 20250130195129, moz:debuggerAddress: 127.0.0.1:3344, moz:geckodriverVersion: 0.35.0, moz:headless: true, moz:platformVersion: 6.8.0-1021-azure, moz:processID: 10815, moz:profile: /tmp/rust_mozprofileS3ZHX6, moz:shutdownTimeout: 60000, moz:webdriverClick: true, moz:windowless: false, pageLoadStrategy: normal, platformName: linux, proxy: Proxy(), se:cdp: ws://127.0.0.1:3344/devtool..., se:cdpVersion: 85.0, setWindowRect: true, strictFileInteractability: false, timeouts: {implicit: 0, pageLoad: 300000, script: 30000}, unhandledPromptBehavior: dismiss and notify, userAgent: Mozilla/5.0 (X11; Ubuntu; L...}\nSession ID: 9717ac44-b0ab-4c10-b992-59beef081426\n\tat org.openqa.selenium.support.ui.WebDriverWait.timeoutException(WebDriverWait.java:84)\n\tat org.openqa.selenium.support.ui.FluentWait.until(FluentWait.java:228)\n\tat pages.base.BasePage.waitUntilElementToBeClickable(BasePage.java:148)\n\tat pages.base.BasePage.click(BasePage.java:55)\n\tat pages.TiresPage.clickAddToCart(TiresPage.java:55)\n\tat steps.TiresStep.addingToCart(TiresStep.java:32)\n\tat steps.TiresStep.loginAndAddTiresToCart(TiresStep.java:43)\n\tat tests.OrderTest.checkCreateOrder(OrderTest.java:42)\n\tat java.base/jdk.internal.reflect.NativeMethodAccessorImpl.invoke0(Native Method)\n\tat java.base/jdk.internal.reflect.NativeMethodAccessorImpl.invoke(NativeMethodAccessorImpl.java:77)\n\tat java.base/jdk.internal.reflect.DelegatingMethodAccessorImpl.invoke(DelegatingMethodAccessorImpl.java:43)\n\tat java.base/java.lang.reflect.Method.invoke(Method.java:569)\n\tat org.testng.internal.invokers.MethodInvocationHelper.invokeMethod(MethodInvocationHelper.java:141)\n\tat org.testng.internal.invokers.TestInvoker.invokeMethod(TestInvoker.java:686)\n\tat org.testng.internal.invokers.TestInvoker.retryFailed(TestInvoker.java:269)\n\tat org.testng.internal.invokers.MethodRunner.runInSequence(MethodRunner.java:76)\n\tat org.testng.internal.invokers.TestInvoker$MethodInvocationAgent.invoke(TestInvoker.java:992)\n\tat org.testng.internal.invokers.TestInvoker.invokeTestMethods(TestInvoker.java:203)\n\tat org.testng.internal.invokers.TestMethodWorker.invokeTestMethods(TestMethodWorker.java:154)\n\tat org.testng.internal.invokers.TestMethodWorker.run(TestMethodWorker.java:134)\n\tat java.base/java.util.ArrayList.forEach(ArrayList.java:1511)\n\tat org.testng.TestRunner.privateRun(TestRunner.java:739)\n\tat org.testng.TestRunner.run(TestRunner.java:614)\n\tat org.testng.SuiteRunner.runTest(SuiteRunner.java:421)\n\tat org.testng.SuiteRunner$SuiteWorker.run(SuiteRunner.java:463)\n\tat org.testng.internal.thread.ThreadUtil.lambda$execute$0(ThreadUtil.java:64)\n\tat java.base/java.util.concurrent.FutureTask.run(FutureTask.java:264)\n\tat java.base/java.util.concurrent.ThreadPoolExecutor.runWorker(ThreadPoolExecutor.java:1136)\n\tat java.base/java.util.concurrent.ThreadPoolExecutor$Worker.run(ThreadPoolExecutor.java:635)\n\tat java.base/java.lang.Thread.run(Thread.java:840)\n","flaky":false,"newFailed":false,"newBroken":false,"newPassed":false,"retriesCount":2,"retriesStatusChange":true,"beforeStages":[{"name":"setUp","time":{"start":1739809699689,"stop":1739809702013,"duration":2324},"description":"Opening browser","status":"passed","steps":[],"attachments":[],"parameters":[],"shouldDisplayMessage":false,"stepsCount":0,"attachmentsCount":0,"hasContent":false,"attachmentStep":false}],"testStage":{"description":"Creating a new order with valid data and verifying the order is successful.","status":"broken","statusMessage":"Expected condition failed: waiting for element to be clickable: By.xpath: //button[contains(@class,'card__button')] (tried for 10 second(s) with 500 milliseconds interval)\nBuild info: version: '4.27.0', revision: 'd6e718d134'\nSystem info: os.name: 'Linux', os.arch: 'amd64', os.version: '6.8.0-1021-azure', java.version: '17.0.14'\nDriver info: org.openqa.selenium.firefox.FirefoxDriver\nCapabilities {acceptInsecureCerts: true, browserName: firefox, browserVersion: 135.0, moz:accessibilityChecks: false, moz:buildID: 20250130195129, moz:debuggerAddress: 127.0.0.1:3344, moz:geckodriverVersion: 0.35.0, moz:headless: true, moz:platformVersion: 6.8.0-1021-azure, moz:processID: 10815, moz:profile: /tmp/rust_mozprofileS3ZHX6, moz:shutdownTimeout: 60000, moz:webdriverClick: true, moz:windowless: false, pageLoadStrategy: normal, platformName: linux, proxy: Proxy(), se:cdp: ws://127.0.0.1:3344/devtool..., se:cdpVersion: 85.0, setWindowRect: true, strictFileInteractability: false, timeouts: {implicit: 0, pageLoad: 300000, script: 30000}, unhandledPromptBehavior: dismiss and notify, userAgent: Mozilla/5.0 (X11; Ubuntu; L...}\nSession ID: 9717ac44-b0ab-4c10-b992-59beef081426","statusTrace":"org.openqa.selenium.TimeoutException: Expected condition failed: waiting for element to be clickable: By.xpath: //button[contains(@class,'card__button')] (tried for 10 second(s) with 500 milliseconds interval)\nBuild info: version: '4.27.0', revision: 'd6e718d134'\nSystem info: os.name: 'Linux', os.arch: 'amd64', os.version: '6.8.0-1021-azure', java.version: '17.0.14'\nDriver info: org.openqa.selenium.firefox.FirefoxDriver\nCapabilities {acceptInsecureCerts: true, browserName: firefox, browserVersion: 135.0, moz:accessibilityChecks: false, moz:buildID: 20250130195129, moz:debuggerAddress: 127.0.0.1:3344, moz:geckodriverVersion: 0.35.0, moz:headless: true, moz:platformVersion: 6.8.0-1021-azure, moz:processID: 10815, moz:profile: /tmp/rust_mozprofileS3ZHX6, moz:shutdownTimeout: 60000, moz:webdriverClick: true, moz:windowless: false, pageLoadStrategy: normal, platformName: linux, proxy: Proxy(), se:cdp: ws://127.0.0.1:3344/devtool..., se:cdpVersion: 85.0, setWindowRect: true, strictFileInteractability: false, timeouts: {implicit: 0, pageLoad: 300000, script: 30000}, unhandledPromptBehavior: dismiss and notify, userAgent: Mozilla/5.0 (X11; Ubuntu; L...}\nSession ID: 9717ac44-b0ab-4c10-b992-59beef081426\n\tat org.openqa.selenium.support.ui.WebDriverWait.timeoutException(WebDriverWait.java:84)\n\tat org.openqa.selenium.support.ui.FluentWait.until(FluentWait.java:228)\n\tat pages.base.BasePage.waitUntilElementToBeClickable(BasePage.java:148)\n\tat pages.base.BasePage.click(BasePage.java:55)\n\tat pages.TiresPage.clickAddToCart(TiresPage.java:55)\n\tat steps.TiresStep.addingToCart(TiresStep.java:32)\n\tat steps.TiresStep.loginAndAddTiresToCart(TiresStep.java:43)\n\tat tests.OrderTest.checkCreateOrder(OrderTest.java:42)\n\tat java.base/jdk.internal.reflect.NativeMethodAccessorImpl.invoke0(Native Method)\n\tat java.base/jdk.internal.reflect.NativeMethodAccessorImpl.invoke(NativeMethodAccessorImpl.java:77)\n\tat java.base/jdk.internal.reflect.DelegatingMethodAccessorImpl.invoke(DelegatingMethodAccessorImpl.java:43)\n\tat java.base/java.lang.reflect.Method.invoke(Method.java:569)\n\tat org.testng.internal.invokers.MethodInvocationHelper.invokeMethod(MethodInvocationHelper.java:141)\n\tat org.testng.internal.invokers.TestInvoker.invokeMethod(TestInvoker.java:686)\n\tat org.testng.internal.invokers.TestInvoker.retryFailed(TestInvoker.java:269)\n\tat org.testng.internal.invokers.MethodRunner.runInSequence(MethodRunner.java:76)\n\tat org.testng.internal.invokers.TestInvoker$MethodInvocationAgent.invoke(TestInvoker.java:992)\n\tat org.testng.internal.invokers.TestInvoker.invokeTestMethods(TestInvoker.java:203)\n\tat org.testng.internal.invokers.TestMethodWorker.invokeTestMethods(TestMethodWorker.java:154)\n\tat org.testng.internal.invokers.TestMethodWorker.run(TestMethodWorker.java:134)\n\tat java.base/java.util.ArrayList.forEach(ArrayList.java:1511)\n\tat org.testng.TestRunner.privateRun(TestRunner.java:739)\n\tat org.testng.TestRunner.run(TestRunner.java:614)\n\tat org.testng.SuiteRunner.runTest(SuiteRunner.java:421)\n\tat org.testng.SuiteRunner$SuiteWorker.run(SuiteRunner.java:463)\n\tat org.testng.internal.thread.ThreadUtil.lambda$execute$0(ThreadUtil.java:64)\n\tat java.base/java.util.concurrent.FutureTask.run(FutureTask.java:264)\n\tat java.base/java.util.concurrent.ThreadPoolExecutor.runWorker(ThreadPoolExecutor.java:1136)\n\tat java.base/java.util.concurrent.ThreadPoolExecutor$Worker.run(ThreadPoolExecutor.java:635)\n\tat java.base/java.lang.Thread.run(Thread.java:840)\n","steps":[{"name":"Login and add tires to cart","time":{"start":1739809702015,"stop":1739809726480,"duration":24465},"status":"broken","statusMessage":"Expected condition failed: waiting for element to be clickable: By.xpath: //button[contains(@class,'card__button')] (tried for 10 second(s) with 500 milliseconds interval)\nBuild info: version: '4.27.0', revision: 'd6e718d134'\nSystem info: os.name: 'Linux', os.arch: 'amd64', os.version: '6.8.0-1021-azure', java.version: '17.0.14'\nDriver info: org.openqa.selenium.firefox.FirefoxDriver\nCapabilities {acceptInsecureCerts: true, browserName: firefox, browserVersion: 135.0, moz:accessibilityChecks: false, moz:buildID: 20250130195129, moz:debuggerAddress: 127.0.0.1:3344, moz:geckodriverVersion: 0.35.0, moz:headless: true, moz:platformVersion: 6.8.0-1021-azure, moz:processID: 10815, moz:profile: /tmp/rust_mozprofileS3ZHX6, moz:shutdownTimeout: 60000, moz:webdriverClick: true, moz:windowless: false, pageLoadStrategy: normal, platformName: linux, proxy: Proxy(), se:cdp: ws://127.0.0.1:3344/devtool..., se:cdpVersion: 85.0, setWindowRect: true, strictFileInteractability: false, timeouts: {implicit: 0, pageLoad: 300000, script: 30000}, unhandledPromptBehavior: dismiss and notify, userAgent: Mozilla/5.0 (X11; Ubuntu; L...}\nSession ID: 9717ac44-b0ab-4c10-b992-59beef081426","statusTrace":"org.openqa.selenium.TimeoutException: Expected condition failed: waiting for element to be clickable: By.xpath: //button[contains(@class,'card__button')] (tried for 10 second(s) with 500 milliseconds interval)\nBuild info: version: '4.27.0', revision: 'd6e718d134'\nSystem info: os.name: 'Linux', os.arch: 'amd64', os.version: '6.8.0-1021-azure', java.version: '17.0.14'\nDriver info: org.openqa.selenium.firefox.FirefoxDriver\nCapabilities {acceptInsecureCerts: true, browserName: firefox, browserVersion: 135.0, moz:accessibilityChecks: false, moz:buildID: 20250130195129, moz:debuggerAddress: 127.0.0.1:3344, moz:geckodriverVersion: 0.35.0, moz:headless: true, moz:platformVersion: 6.8.0-1021-azure, moz:processID: 10815, moz:profile: /tmp/rust_mozprofileS3ZHX6, moz:shutdownTimeout: 60000, moz:webdriverClick: true, moz:windowless: false, pageLoadStrategy: normal, platformName: linux, proxy: Proxy(), se:cdp: ws://127.0.0.1:3344/devtool..., se:cdpVersion: 85.0, setWindowRect: true, strictFileInteractability: false, timeouts: {implicit: 0, pageLoad: 300000, script: 30000}, unhandledPromptBehavior: dismiss and notify, userAgent: Mozilla/5.0 (X11; Ubuntu; L...}\nSession ID: 9717ac44-b0ab-4c10-b992-59beef081426\n\tat org.openqa.selenium.support.ui.WebDriverWait.timeoutException(WebDriverWait.java:84)\n\tat org.openqa.selenium.support.ui.FluentWait.until(FluentWait.java:228)\n\tat pages.base.BasePage.waitUntilElementToBeClickable(BasePage.java:148)\n\tat pages.base.BasePage.click(BasePage.java:55)\n\tat pages.TiresPage.clickAddToCart(TiresPage.java:55)\n\tat steps.TiresStep.addingToCart(TiresStep.java:32)\n\tat steps.TiresStep.loginAndAddTiresToCart(TiresStep.java:43)\n\tat tests.OrderTest.checkCreateOrder(OrderTest.java:42)\n\tat java.base/jdk.internal.reflect.NativeMethodAccessorImpl.invoke0(Native Method)\n\tat java.base/jdk.internal.reflect.NativeMethodAccessorImpl.invoke(NativeMethodAccessorImpl.java:77)\n\tat java.base/jdk.internal.reflect.DelegatingMethodAccessorImpl.invoke(DelegatingMethodAccessorImpl.java:43)\n\tat java.base/java.lang.reflect.Method.invoke(Method.java:569)\n\tat org.testng.internal.invokers.MethodInvocationHelper.invokeMethod(MethodInvocationHelper.java:141)\n\tat org.testng.internal.invokers.TestInvoker.invokeMethod(TestInvoker.java:686)\n\tat org.testng.internal.invokers.TestInvoker.retryFailed(TestInvoker.java:269)\n\tat org.testng.internal.invokers.MethodRunner.runInSequence(MethodRunner.java:76)\n\tat org.testng.internal.invokers.TestInvoker$MethodInvocationAgent.invoke(TestInvoker.java:992)\n\tat org.testng.internal.invokers.TestInvoker.invokeTestMethods(TestInvoker.java:203)\n\tat org.testng.internal.invokers.TestMethodWorker.invokeTestMethods(TestMethodWorker.java:154)\n\tat org.testng.internal.invokers.TestMethodWorker.run(TestMethodWorker.java:134)\n\tat java.base/java.util.ArrayList.forEach(ArrayList.java:1511)\n\tat org.testng.TestRunner.privateRun(TestRunner.java:739)\n\tat org.testng.TestRunner.run(TestRunner.java:614)\n\tat org.testng.SuiteRunner.runTest(SuiteRunner.java:421)\n\tat org.testng.SuiteRunner$SuiteWorker.run(SuiteRunner.java:463)\n\tat org.testng.internal.thread.ThreadUtil.lambda$execute$0(ThreadUtil.java:64)\n\tat java.base/java.util.concurrent.FutureTask.run(FutureTask.java:264)\n\tat java.base/java.util.concurrent.ThreadPoolExecutor.runWorker(ThreadPoolExecutor.java:1136)\n\tat java.base/java.util.concurrent.ThreadPoolExecutor$Worker.run(ThreadPoolExecutor.java:635)\n\tat java.base/java.lang.Thread.run(Thread.java:840)\n","steps":[{"name":"Login with username and password","time":{"start":1739809703044,"stop":1739809714482,"duration":11438},"status":"passed","steps":[{"name":"Click 'Sign In' button","time":{"start":1739809703044,"stop":1739809713658,"duration":10614},"status":"passed","steps":[],"attachments":[],"parameters":[],"shouldDisplayMessage":false,"stepsCount":0,"attachmentsCount":0,"hasContent":false,"attachmentStep":false}],"attachments":[],"parameters":[{"name":"userName","value":"testaqa26@gmail.com"},{"name":"password","value":"!TEaqaST26!"}],"shouldDisplayMessage":false,"stepsCount":1,"attachmentsCount":0,"hasContent":true,"attachmentStep":false},{"name":"Open the Home page","time":{"start":1739809714482,"stop":1739809714769,"duration":287},"status":"passed","steps":[],"attachments":[],"parameters":[],"shouldDisplayMessage":false,"stepsCount":0,"attachmentsCount":0,"hasContent":false,"attachmentStep":false},{"name":"Change language to English","time":{"start":1739809714769,"stop":1739809715016,"duration":247},"status":"passed","steps":[],"attachments":[],"parameters":[],"shouldDisplayMessage":false,"stepsCount":0,"attachmentsCount":0,"hasContent":false,"attachmentStep":false},{"name":"Filling the tires table with input: TiresInput(selectWidth=235, selectProfile=60, selectDiameter=16, selectProtector=RISKO, enterFirstPrice=100, enterSecondPrice=2000)","time":{"start":1739809715016,"stop":1739809716208,"duration":1192},"status":"passed","steps":[],"attachments":[],"parameters":[{"name":"tiresInput","value":"TiresInput(selectWidth=235, selectProfile=60, selectDiameter=16, selectProtector=RISKO, enterFirstPrice=100, enterSecondPrice=2000)"}],"shouldDisplayMessage":false,"stepsCount":0,"attachmentsCount":0,"hasContent":true,"attachmentStep":false},{"name":"Adding tires to cart","time":{"start":1739809716208,"stop":1739809726480,"duration":10272},"status":"broken","statusMessage":"Expected condition failed: waiting for element to be clickable: By.xpath: //button[contains(@class,'card__button')] (tried for 10 second(s) with 500 milliseconds interval)\nBuild info: version: '4.27.0', revision: 'd6e718d134'\nSystem info: os.name: 'Linux', os.arch: 'amd64', os.version: '6.8.0-1021-azure', java.version: '17.0.14'\nDriver info: org.openqa.selenium.firefox.FirefoxDriver\nCapabilities {acceptInsecureCerts: true, browserName: firefox, browserVersion: 135.0, moz:accessibilityChecks: false, moz:buildID: 20250130195129, moz:debuggerAddress: 127.0.0.1:3344, moz:geckodriverVersion: 0.35.0, moz:headless: true, moz:platformVersion: 6.8.0-1021-azure, moz:processID: 10815, moz:profile: /tmp/rust_mozprofileS3ZHX6, moz:shutdownTimeout: 60000, moz:webdriverClick: true, moz:windowless: false, pageLoadStrategy: normal, platformName: linux, proxy: Proxy(), se:cdp: ws://127.0.0.1:3344/devtool..., se:cdpVersion: 85.0, setWindowRect: true, strictFileInteractability: false, timeouts: {implicit: 0, pageLoad: 300000, script: 30000}, unhandledPromptBehavior: dismiss and notify, userAgent: Mozilla/5.0 (X11; Ubuntu; L...}\nSession ID: 9717ac44-b0ab-4c10-b992-59beef081426","statusTrace":"org.openqa.selenium.TimeoutException: Expected condition failed: waiting for element to be clickable: By.xpath: //button[contains(@class,'card__button')] (tried for 10 second(s) with 500 milliseconds interval)\nBuild info: version: '4.27.0', revision: 'd6e718d134'\nSystem info: os.name: 'Linux', os.arch: 'amd64', os.version: '6.8.0-1021-azure', java.version: '17.0.14'\nDriver info: org.openqa.selenium.firefox.FirefoxDriver\nCapabilities {acceptInsecureCerts: true, browserName: firefox, browserVersion: 135.0, moz:accessibilityChecks: false, moz:buildID: 20250130195129, moz:debuggerAddress: 127.0.0.1:3344, moz:geckodriverVersion: 0.35.0, moz:headless: true, moz:platformVersion: 6.8.0-1021-azure, moz:processID: 10815, moz:profile: /tmp/rust_mozprofileS3ZHX6, moz:shutdownTimeout: 60000, moz:webdriverClick: true, moz:windowless: false, pageLoadStrategy: normal, platformName: linux, proxy: Proxy(), se:cdp: ws://127.0.0.1:3344/devtool..., se:cdpVersion: 85.0, setWindowRect: true, strictFileInteractability: false, timeouts: {implicit: 0, pageLoad: 300000, script: 30000}, unhandledPromptBehavior: dismiss and notify, userAgent: Mozilla/5.0 (X11; Ubuntu; L...}\nSession ID: 9717ac44-b0ab-4c10-b992-59beef081426\n\tat org.openqa.selenium.support.ui.WebDriverWait.timeoutException(WebDriverWait.java:84)\n\tat org.openqa.selenium.support.ui.FluentWait.until(FluentWait.java:228)\n\tat pages.base.BasePage.waitUntilElementToBeClickable(BasePage.java:148)\n\tat pages.base.BasePage.click(BasePage.java:55)\n\tat pages.TiresPage.clickAddToCart(TiresPage.java:55)\n\tat steps.TiresStep.addingToCart(TiresStep.java:32)\n\tat steps.TiresStep.loginAndAddTiresToCart(TiresStep.java:43)\n\tat tests.OrderTest.checkCreateOrder(OrderTest.java:42)\n\tat java.base/jdk.internal.reflect.NativeMethodAccessorImpl.invoke0(Native Method)\n\tat java.base/jdk.internal.reflect.NativeMethodAccessorImpl.invoke(NativeMethodAccessorImpl.java:77)\n\tat java.base/jdk.internal.reflect.DelegatingMethodAccessorImpl.invoke(DelegatingMethodAccessorImpl.java:43)\n\tat java.base/java.lang.reflect.Method.invoke(Method.java:569)\n\tat org.testng.internal.invokers.MethodInvocationHelper.invokeMethod(MethodInvocationHelper.java:141)\n\tat org.testng.internal.invokers.TestInvoker.invokeMethod(TestInvoker.java:686)\n\tat org.testng.internal.invokers.TestInvoker.retryFailed(TestInvoker.java:269)\n\tat org.testng.internal.invokers.MethodRunner.runInSequence(MethodRunner.java:76)\n\tat org.testng.internal.invokers.TestInvoker$MethodInvocationAgent.invoke(TestInvoker.java:992)\n\tat org.testng.internal.invokers.TestInvoker.invokeTestMethods(TestInvoker.java:203)\n\tat org.testng.internal.invokers.TestMethodWorker.invokeTestMethods(TestMethodWorker.java:154)\n\tat org.testng.internal.invokers.TestMethodWorker.run(TestMethodWorker.java:134)\n\tat java.base/java.util.ArrayList.forEach(ArrayList.java:1511)\n\tat org.testng.TestRunner.privateRun(TestRunner.java:739)\n\tat org.testng.TestRunner.run(TestRunner.java:614)\n\tat org.testng.SuiteRunner.runTest(SuiteRunner.java:421)\n\tat org.testng.SuiteRunner$SuiteWorker.run(SuiteRunner.java:463)\n\tat org.testng.internal.thread.ThreadUtil.lambda$execute$0(ThreadUtil.java:64)\n\tat java.base/java.util.concurrent.FutureTask.run(FutureTask.java:264)\n\tat java.base/java.util.concurrent.ThreadPoolExecutor.runWorker(ThreadPoolExecutor.java:1136)\n\tat java.base/java.util.concurrent.ThreadPoolExecutor$Worker.run(ThreadPoolExecutor.java:635)\n\tat java.base/java.lang.Thread.run(Thread.java:840)\n","steps":[],"attachments":[],"parameters":[],"shouldDisplayMessage":true,"stepsCount":0,"attachmentsCount":0,"hasContent":true,"attachmentStep":false}],"attachments":[],"parameters":[{"name":"user","value":"testaqa26@gmail.com"},{"name":"password","value":"!TEaqaST26!"},{"name":"tiresInput","value":"TiresInput(selectWidth=235, selectProfile=60, selectDiameter=16, selectProtector=RISKO, enterFirstPrice=100, enterSecondPrice=2000)"}],"shouldDisplayMessage":false,"stepsCount":6,"attachmentsCount":0,"hasContent":true,"attachmentStep":false}],"attachments":[],"parameters":[],"shouldDisplayMessage":false,"stepsCount":7,"attachmentsCount":0,"hasContent":true,"attachmentStep":false},"afterStages":[{"name":"tearDown","time":{"start":1739809726482,"stop":1739809727309,"duration":827},"description":"Close browser after each test and take screenshot if failed","status":"passed","steps":[],"attachments":[{"uid":"2cc9a3e64fa153d7","name":"screenshot","source":"2cc9a3e64fa153d7.png","type":"image/png","size":1457096}],"parameters":[],"shouldDisplayMessage":false,"stepsCount":0,"attachmentsCount":1,"hasContent":true,"attachmentStep":false}],"labels":[{"name":"package","value":"tests.OrderTest"},{"name":"testClass","value":"tests.OrderTest"},{"name":"testMethod","value":"checkCreateOrder"},{"name":"parentSuite","value":"Tires CrossBrowserTest"},{"name":"suite","value":"FireFox"},{"name":"subSuite","value":"tests.OrderTest"},{"name":"host","value":"fv-az1933-261"},{"name":"thread","value":"2386@fv-az1933-261.TestNG-tests-2(22)"},{"name":"framework","value":"testng"},{"name":"language","value":"java"},{"name":"owner","value":"Elizaveta Nikolaenya"},{"name":"feature","value":"Order Creation"},{"name":"epic","value":"Order Management"},{"name":"severity","value":"normal"},{"name":"resultFormat","value":"allure2"}],"parameters":[{"name":"browser","value":"firefox"}],"links":[],"hidden":false,"retry":false,"extra":{"severity":"normal","owner":"Elizaveta Nikolaenya","retries":[{"uid":"aa5d468d6f291601","status":"skipped","statusDetails":"Expected condition failed: waiting for element to be clickable: By.xpath: //button[contains(@class,'card__button')] (tried for 10 second(s) with 500 milliseconds interval)\nBuild info: version: '4.27.0', revision: 'd6e718d134'\nSystem info: os.name: 'Linux', os.arch: 'amd64', os.version: '6.8.0-1021-azure', java.version: '17.0.14'\nDriver info: org.openqa.selenium.firefox.FirefoxDriver\nCapabilities {acceptInsecureCerts: true, browserName: firefox, browserVersion: 135.0, moz:accessibilityChecks: false, moz:buildID: 20250130195129, moz:debuggerAddress: 127.0.0.1:13434, moz:geckodriverVersion: 0.35.0, moz:headless: true, moz:platformVersion: 6.8.0-1021-azure, moz:processID: 9750, moz:profile: /tmp/rust_mozprofileUApuBg, moz:shutdownTimeout: 60000, moz:webdriverClick: true, moz:windowless: false, pageLoadStrategy: normal, platformName: linux, proxy: Proxy(), se:cdp: ws://127.0.0.1:13434/devtoo..., se:cdpVersion: 85.0, setWindowRect: true, strictFileInteractability: false, timeouts: {implicit: 0, pageLoad: 300000, script: 30000}, unhandledPromptBehavior: dismiss and notify, userAgent: Mozilla/5.0 (X11; Ubuntu; L...}\nSession ID: df181a41-50b7-4a4a-9a91-589db12ec3c0","time":{"start":1739809673811,"stop":1739809698811,"duration":25000}},{"uid":"66a2708afa052026","status":"skipped","statusDetails":"Expected condition failed: waiting for element to be clickable: By.xpath: //button[contains(@class,'card__button')] (tried for 10 second(s) with 500 milliseconds interval)\nBuild info: version: '4.27.0', revision: 'd6e718d134'\nSystem info: os.name: 'Linux', os.arch: 'amd64', os.version: '6.8.0-1021-azure', java.version: '17.0.14'\nDriver info: org.openqa.selenium.firefox.FirefoxDriver\nCapabilities {acceptInsecureCerts: true, browserName: firefox, browserVersion: 135.0, moz:accessibilityChecks: false, moz:buildID: 20250130195129, moz:debuggerAddress: 127.0.0.1:10378, moz:geckodriverVersion: 0.35.0, moz:headless: true, moz:platformVersion: 6.8.0-1021-azure, moz:processID: 8272, moz:profile: /tmp/rust_mozprofilek9Si92, moz:shutdownTimeout: 60000, moz:webdriverClick: true, moz:windowless: false, pageLoadStrategy: normal, platformName: linux, proxy: Proxy(), se:cdp: ws://127.0.0.1:10378/devtoo..., se:cdpVersion: 85.0, setWindowRect: true, strictFileInteractability: false, timeouts: {implicit: 0, pageLoad: 300000, script: 30000}, unhandledPromptBehavior: dismiss and notify, userAgent: Mozilla/5.0 (X11; Ubuntu; L...}\nSession ID: 5c95feda-599c-44a0-a885-56f14b8625e6","time":{"start":1739809645746,"stop":1739809670731,"duration":24985}}],"categories":[{"name":"Test defects","matchedStatuses":[],"flaky":false}],"tags":[]},"source":"9dca904fb5521ccd.json","parameterValues":["firefox"]}